<?xml version="1.0" encoding="UTF-8"?>
<!-- Generated by org.testng.reporters.JUnitReportReporter -->
<testsuite hostname="DESKTOP-M0FLA98" failures="0" tests="1" name="test.TC_003_AddcontactsTest" time="23.174" errors="0" timestamp="2024-12-17T13:46:35 IST" skipped="0">
  <testcase classname="test.TC_003_AddcontactsTest" name="addContactsTest" time="23.174"/>
  <system-out/>
</testsuite> <!-- test.TC_003_AddcontactsTest -->
